<?xml version="1.0" encoding="UTF-8"?>
<!-- Generated by org.testng.reporters.JUnitXMLReporter -->
<testsuite ignored="0" hostname="LAPTOP-S9DND4DE" failures="0" tests="4" name="Surefire test" time="12.455" errors="0" timestamp="2024-07-29T20:27:00 IST">
  <testcase classname="api.tests.UserTests" name="testPostUser" time="4.378"/>
  <testcase classname="api.tests.UserTests" name="testGetUserByName" time="1.63"/>
  <testcase classname="api.tests.UserTests" name="testUpdateUserByName" time="3.37"/>
  <testcase classname="api.tests.UserTests" name="testDeleteUserByName" time="1.637"/>
</testsuite> <!-- Surefire test -->
