<?xml version="1.0" encoding="UTF-8"?>
<!-- Generated by org.testng.reporters.JUnitXMLReporter -->
<testsuite ignored="0" hostname="LAPTOP-S9DND4DE" failures="0" tests="4" name="Default test" time="10.174" errors="0" timestamp="2024-07-29T17:13:27 IST">
  <testcase classname="api.tests.UserTests" name="testPostUser" time="3.837"/>
  <testcase classname="api.tests.UserTests" name="testGetUserByName" time="1.307"/>
  <testcase classname="api.tests.UserTests" name="testUpdateUserByName" time="2.526"/>
  <testcase classname="api.tests.UserTests" name="testDeleteUserByName" time="1.221"/>
</testsuite> <!-- Default test -->
