<?xml version="1.0" encoding="UTF-8"?>
<!-- Generated by org.testng.reporters.JUnitXMLReporter -->
<testsuite ignored="0" hostname="LAPTOP-S9DND4DE" failures="0" tests="4" name="CRUD PET Store Test" time="10.893" errors="0" timestamp="2024-07-29T17:31:29 IST">
  <testcase classname="api.tests.UserTests" name="testPostUser" time="4.084"/>
  <testcase classname="api.tests.UserTests" name="testGetUserByName" time="1.271"/>
  <testcase classname="api.tests.UserTests" name="testUpdateUserByName" time="2.427"/>
  <testcase classname="api.tests.UserTests" name="testDeleteUserByName" time="1.199"/>
</testsuite> <!-- CRUD PET Store Test -->
