<?xml version="1.0" encoding="UTF-8"?>
<testng-results ignored="0" total="4" passed="4" failed="0" skipped="0">
  <reporter-output>
  </reporter-output>
  <suite started-at="2024-07-29T20:26:48 IST" name="Surefire suite" finished-at="2024-07-29T20:27:00 IST" duration-ms="12455">
    <groups>
    </groups>
    <test started-at="2024-07-29T20:26:48 IST" name="Surefire test" finished-at="2024-07-29T20:27:00 IST" duration-ms="12455">
      <class name="api.tests.UserTests">
        <test-method is-config="true" signature="setupData()[pri:0, instance:api.tests.UserTests@5e316c74]" started-at="2024-07-29T20:26:48 IST" name="setupData" finished-at="2024-07-29T20:26:49 IST" duration-ms="1372" status="PASS">
          <reporter-output>
          </reporter-output>
        </test-method> <!-- setupData -->
        <test-method signature="testPostUser()[pri:0, instance:api.tests.UserTests@5e316c74]" started-at="2024-07-29T20:26:49 IST" name="testPostUser" finished-at="2024-07-29T20:26:54 IST" duration-ms="4378" status="PASS">
          <reporter-output>
          </reporter-output>
        </test-method> <!-- testPostUser -->
        <test-method signature="testGetUserByName()[pri:1, instance:api.tests.UserTests@5e316c74]" started-at="2024-07-29T20:26:54 IST" name="testGetUserByName" finished-at="2024-07-29T20:26:55 IST" duration-ms="1630" status="PASS">
          <reporter-output>
          </reporter-output>
        </test-method> <!-- testGetUserByName -->
        <test-method signature="testUpdateUserByName()[pri:2, instance:api.tests.UserTests@5e316c74]" started-at="2024-07-29T20:26:55 IST" name="testUpdateUserByName" finished-at="2024-07-29T20:26:59 IST" duration-ms="3370" status="PASS">
          <reporter-output>
          </reporter-output>
        </test-method> <!-- testUpdateUserByName -->
        <test-method signature="testDeleteUserByName()[pri:3, instance:api.tests.UserTests@5e316c74]" started-at="2024-07-29T20:26:59 IST" name="testDeleteUserByName" finished-at="2024-07-29T20:27:00 IST" duration-ms="1637" status="PASS">
          <reporter-output>
          </reporter-output>
        </test-method> <!-- testDeleteUserByName -->
      </class> <!-- api.tests.UserTests -->
    </test> <!-- Surefire test -->
  </suite> <!-- Surefire suite -->
</testng-results>
